Started GET "/" for 127.0.0.1 at 2016-08-31 17:38:49 -0300
Processing by Rails::WelcomeController#index as HTML
  Parameters: {"internal"=>true}
  Rendering /home/felipe/.rvm/gems/ruby-2.3.0/gems/railties-5.0.0.1/lib/rails/templates/rails/welcome/index.html.erb
  Rendered /home/felipe/.rvm/gems/ruby-2.3.0/gems/railties-5.0.0.1/lib/rails/templates/rails/welcome/index.html.erb (5.0ms)
Completed 200 OK in 39ms (Views: 11.3ms | ActiveRecord: 0.0ms)


Started GET "/" for 127.0.0.1 at 2016-08-31 17:43:22 -0300
Processing by WelcomeController#index as HTML
  Rendering welcome/index.html.erb within layouts/application
  Rendered welcome/index.html.erb within layouts/application (1.7ms)
Completed 200 OK in 6614ms (Views: 6600.5ms | ActiveRecord: 0.0ms)


Started GET "/" for 127.0.0.1 at 2016-08-31 17:47:19 -0300
Processing by WelcomeController#index as HTML
  Rendering welcome/index.html.erb within layouts/application
  Rendered welcome/index.html.erb within layouts/application (0.7ms)
Completed 200 OK in 250ms (Views: 248.1ms | ActiveRecord: 0.0ms)


  [1m[35m (88.0ms)[0m  [1m[35mCREATE TABLE "schema_migrations" ("version" varchar NOT NULL PRIMARY KEY)[0m
  [1m[35m (109.7ms)[0m  [1m[35mCREATE TABLE "ar_internal_metadata" ("key" varchar NOT NULL PRIMARY KEY, "value" varchar, "created_at" datetime NOT NULL, "updated_at" datetime NOT NULL)[0m
  [1m[36mActiveRecord::SchemaMigration Load (0.3ms)[0m  [1m[34mSELECT "schema_migrations".* FROM "schema_migrations"[0m
Migrating to CreateStatuses (20160831210043)
  [1m[35m (0.1ms)[0m  [1m[36mbegin transaction[0m
  [1m[35m (0.6ms)[0m  [1m[35mCREATE TABLE "statuses" ("id" INTEGER PRIMARY KEY AUTOINCREMENT NOT NULL, "nombre" varchar, "contenido" text, "created_at" datetime NOT NULL, "updated_at" datetime NOT NULL)[0m
  [1m[35mSQL (0.3ms)[0m  [1m[32mINSERT INTO "schema_migrations" ("version") VALUES (?)[0m  [["version", "20160831210043"]]
  [1m[35m (115.5ms)[0m  [1m[36mcommit transaction[0m
  [1m[36mActiveRecord::InternalMetadata Load (0.4ms)[0m  [1m[34mSELECT  "ar_internal_metadata".* FROM "ar_internal_metadata" WHERE "ar_internal_metadata"."key" = ? LIMIT ?[0m  [["key", :environment], ["LIMIT", 1]]
  [1m[35m (0.1ms)[0m  [1m[36mbegin transaction[0m
  [1m[35mSQL (0.9ms)[0m  [1m[32mINSERT INTO "ar_internal_metadata" ("key", "value", "created_at", "updated_at") VALUES (?, ?, ?, ?)[0m  [["key", "environment"], ["value", "development"], ["created_at", 2016-08-31 21:02:09 UTC], ["updated_at", 2016-08-31 21:02:09 UTC]]
  [1m[35m (91.5ms)[0m  [1m[36mcommit transaction[0m
  [1m[36mActiveRecord::SchemaMigration Load (0.1ms)[0m  [1m[34mSELECT "schema_migrations".* FROM "schema_migrations"[0m
  [1m[36mActiveRecord::SchemaMigration Load (0.3ms)[0m  [1m[34mSELECT "schema_migrations".* FROM "schema_migrations"[0m
Started GET "/" for 127.0.0.1 at 2016-08-31 18:02:51 -0300
  [1m[36mActiveRecord::SchemaMigration Load (0.3ms)[0m  [1m[34mSELECT "schema_migrations".* FROM "schema_migrations"[0m
Processing by WelcomeController#index as HTML
  Rendering welcome/index.html.erb within layouts/application
  Rendered welcome/index.html.erb within layouts/application (1.5ms)
Completed 200 OK in 1041ms (Views: 1025.2ms | ActiveRecord: 0.0ms)


Started GET "/statuses" for 127.0.0.1 at 2016-08-31 18:02:58 -0300
Processing by StatusesController#index as HTML
  Rendering statuses/index.html.erb within layouts/application
  [1m[36mStatus Load (0.3ms)[0m  [1m[34mSELECT "statuses".* FROM "statuses"[0m
  Rendered statuses/index.html.erb within layouts/application (6.8ms)
Completed 200 OK in 105ms (Views: 98.1ms | ActiveRecord: 0.8ms)


Started GET "/statuses/new" for 127.0.0.1 at 2016-08-31 18:03:32 -0300
Processing by StatusesController#new as HTML
  Rendering statuses/new.html.erb within layouts/application
  Rendered statuses/_form.html.erb (51.2ms)
  Rendered statuses/new.html.erb within layouts/application (53.2ms)
Completed 200 OK in 136ms (Views: 125.4ms | ActiveRecord: 0.6ms)


Started GET "/statuses/new" for 127.0.0.1 at 2016-08-31 18:03:37 -0300
Processing by StatusesController#new as HTML
  Rendering statuses/new.html.erb within layouts/application
  Rendered statuses/_form.html.erb (7.3ms)
  Rendered statuses/new.html.erb within layouts/application (11.9ms)
Completed 200 OK in 97ms (Views: 95.4ms | ActiveRecord: 0.0ms)


Started POST "/statuses" for 127.0.0.1 at 2016-08-31 18:03:54 -0300
Processing by StatusesController#create as HTML
  Parameters: {"utf8"=>"✓", "authenticity_token"=>"iL2tIiyCFnhMFSun9fd232T9qM12ymaocg/T8QNvPcLqV1O1Fs9Fdf+XO5aO2LXGBQJ+Dx9zCv8RMZbwnhs37w==", "status"=>{"nombre"=>"Gertrudis", "contenido"=>"Me como los mocos"}, "commit"=>"Create Status"}
  [1m[35m (0.2ms)[0m  [1m[36mbegin transaction[0m
  [1m[35mSQL (2.7ms)[0m  [1m[32mINSERT INTO "statuses" ("nombre", "contenido", "created_at", "updated_at") VALUES (?, ?, ?, ?)[0m  [["nombre", "Gertrudis"], ["contenido", "Me como los mocos"], ["created_at", 2016-08-31 21:03:54 UTC], ["updated_at", 2016-08-31 21:03:54 UTC]]
  [1m[35m (74.5ms)[0m  [1m[36mcommit transaction[0m
Redirected to http://localhost:3000/statuses/1
Completed 302 Found in 88ms (ActiveRecord: 77.3ms)


Started GET "/statuses/1" for 127.0.0.1 at 2016-08-31 18:03:54 -0300
Processing by StatusesController#show as HTML
  Parameters: {"id"=>"1"}
  [1m[36mStatus Load (0.3ms)[0m  [1m[34mSELECT  "statuses".* FROM "statuses" WHERE "statuses"."id" = ? LIMIT ?[0m  [["id", 1], ["LIMIT", 1]]
  Rendering statuses/show.html.erb within layouts/application
  Rendered statuses/show.html.erb within layouts/application (1.2ms)
Completed 200 OK in 109ms (Views: 86.2ms | ActiveRecord: 0.3ms)


Started GET "/statuses" for 127.0.0.1 at 2016-08-31 18:03:59 -0300
Processing by StatusesController#index as HTML
  Rendering statuses/index.html.erb within layouts/application
  [1m[36mStatus Load (0.3ms)[0m  [1m[34mSELECT "statuses".* FROM "statuses"[0m
  Rendered statuses/index.html.erb within layouts/application (2.9ms)
Completed 200 OK in 99ms (Views: 96.5ms | ActiveRecord: 0.3ms)


Started DELETE "/statuses/1" for 127.0.0.1 at 2016-08-31 18:07:35 -0300
Processing by StatusesController#destroy as HTML
  Parameters: {"authenticity_token"=>"g3K87BGZCd81PWJV5QnW00SFk3+JvYUbkmM+Xadn1RF9luLLYwOP4tTXZsGJCvKsD4nCCf7Kxy2BoaMOaIW75A==", "id"=>"1"}
  [1m[36mStatus Load (0.3ms)[0m  [1m[34mSELECT  "statuses".* FROM "statuses" WHERE "statuses"."id" = ? LIMIT ?[0m  [["id", 1], ["LIMIT", 1]]
  [1m[35m (0.1ms)[0m  [1m[36mbegin transaction[0m
  [1m[35mSQL (2.3ms)[0m  [1m[31mDELETE FROM "statuses" WHERE "statuses"."id" = ?[0m  [["id", 1]]
  [1m[35m (67.7ms)[0m  [1m[36mcommit transaction[0m
Redirected to http://localhost:3000/statuses
Completed 302 Found in 78ms (ActiveRecord: 70.3ms)


Started GET "/statuses" for 127.0.0.1 at 2016-08-31 18:07:35 -0300
Processing by StatusesController#index as HTML
  Rendering statuses/index.html.erb within layouts/application
  [1m[36mStatus Load (0.3ms)[0m  [1m[34mSELECT "statuses".* FROM "statuses"[0m
  Rendered statuses/index.html.erb within layouts/application (3.4ms)
Completed 200 OK in 83ms (Views: 80.9ms | ActiveRecord: 0.3ms)


Started GET "/" for 127.0.0.1 at 2016-08-31 18:17:35 -0300
Processing by WelcomeController#index as HTML
  Rendering welcome/index.html.erb within layouts/application
  Rendered welcome/index.html.erb within layouts/application (0.6ms)
Completed 200 OK in 123ms (Views: 120.9ms | ActiveRecord: 0.0ms)


Started GET "/" for 127.0.0.1 at 2016-08-31 18:22:57 -0300
Processing by WelcomeController#index as HTML
  Rendering welcome/index.html.erb within layouts/application
  Rendered welcome/index.html.erb within layouts/application (0.6ms)
Completed 200 OK in 86ms (Views: 84.3ms | ActiveRecord: 0.0ms)


Started GET "/" for 127.0.0.1 at 2016-08-31 18:25:34 -0300
Processing by WelcomeController#index as HTML
  Rendering welcome/index.html.erb within layouts/application
  Rendered welcome/index.html.erb within layouts/application (0.5ms)
Completed 200 OK in 105ms (Views: 103.6ms | ActiveRecord: 0.0ms)


Started GET "/statuses" for 127.0.0.1 at 2016-08-31 18:25:43 -0300
Processing by StatusesController#index as HTML
  Rendering statuses/index.html.erb within layouts/application
  [1m[36mStatus Load (0.5ms)[0m  [1m[34mSELECT "statuses".* FROM "statuses"[0m
  Rendered statuses/index.html.erb within layouts/application (3.0ms)
Completed 200 OK in 91ms (Views: 88.6ms | ActiveRecord: 0.5ms)


Started GET "/statuses" for 127.0.0.1 at 2016-08-31 18:26:51 -0300
Processing by StatusesController#index as HTML
  Rendering statuses/index.html.erb within layouts/application
  [1m[36mStatus Load (0.2ms)[0m  [1m[34mSELECT "statuses".* FROM "statuses"[0m
  Rendered statuses/index.html.erb within layouts/application (2.0ms)
Completed 200 OK in 76ms (Views: 74.3ms | ActiveRecord: 0.2ms)


Started GET "/statuses" for 127.0.0.1 at 2016-08-31 18:26:54 -0300
Processing by StatusesController#index as HTML
  Rendering statuses/index.html.erb within layouts/application
  [1m[36mStatus Load (0.4ms)[0m  [1m[34mSELECT "statuses".* FROM "statuses"[0m
  Rendered statuses/index.html.erb within layouts/application (2.2ms)
Completed 200 OK in 79ms (Views: 77.5ms | ActiveRecord: 0.4ms)


Started GET "/statuses" for 127.0.0.1 at 2016-08-31 18:27:03 -0300
Processing by StatusesController#index as HTML
  Rendering statuses/index.html.erb within layouts/application
  [1m[36mStatus Load (0.2ms)[0m  [1m[34mSELECT "statuses".* FROM "statuses"[0m
  Rendered statuses/index.html.erb within layouts/application (2.2ms)
Completed 200 OK in 87ms (Views: 84.8ms | ActiveRecord: 0.2ms)


Started GET "/statuses" for 127.0.0.1 at 2016-08-31 18:27:03 -0300
Processing by StatusesController#index as HTML
  Rendering statuses/index.html.erb within layouts/application
  [1m[36mStatus Load (0.4ms)[0m  [1m[34mSELECT "statuses".* FROM "statuses"[0m
  Rendered statuses/index.html.erb within layouts/application (4.1ms)
Completed 200 OK in 102ms (Views: 100.7ms | ActiveRecord: 0.4ms)


Started GET "/statuses" for 127.0.0.1 at 2016-08-31 18:28:33 -0300
Processing by StatusesController#index as HTML
  Rendering statuses/index.html.erb within layouts/application
  [1m[36mStatus Load (0.2ms)[0m  [1m[34mSELECT "statuses".* FROM "statuses"[0m
  Rendered statuses/index.html.erb within layouts/application (1.9ms)
Completed 200 OK in 74ms (Views: 72.0ms | ActiveRecord: 0.2ms)


Started GET "/statuses" for 127.0.0.1 at 2016-08-31 18:29:32 -0300
Processing by StatusesController#index as HTML
  Rendering statuses/index.html.erb within layouts/application
  [1m[36mStatus Load (0.2ms)[0m  [1m[34mSELECT "statuses".* FROM "statuses"[0m
  Rendered statuses/index.html.erb within layouts/application (2.1ms)
Completed 200 OK in 115ms (Views: 113.3ms | ActiveRecord: 0.2ms)


Started GET "/statuses" for 127.0.0.1 at 2016-08-31 18:32:44 -0300
Processing by StatusesController#index as HTML
  Rendering statuses/index.html.erb within layouts/application
  [1m[36mStatus Load (0.2ms)[0m  [1m[34mSELECT "statuses".* FROM "statuses"[0m
  Rendered statuses/index.html.erb within layouts/application (1.9ms)
Completed 200 OK in 73ms (Views: 71.3ms | ActiveRecord: 0.2ms)


Started GET "/statuses" for 127.0.0.1 at 2016-08-31 18:32:46 -0300
Processing by StatusesController#index as HTML
  Rendering statuses/index.html.erb within layouts/application
  [1m[36mStatus Load (0.2ms)[0m  [1m[34mSELECT "statuses".* FROM "statuses"[0m
  Rendered statuses/index.html.erb within layouts/application (2.0ms)
Completed 200 OK in 89ms (Views: 87.3ms | ActiveRecord: 0.2ms)


Started GET "/statuses" for 127.0.0.1 at 2016-08-31 18:32:47 -0300
Processing by StatusesController#index as HTML
  Rendering statuses/index.html.erb within layouts/application
  [1m[36mStatus Load (0.2ms)[0m  [1m[34mSELECT "statuses".* FROM "statuses"[0m
  Rendered statuses/index.html.erb within layouts/application (4.0ms)
Completed 200 OK in 90ms (Views: 88.5ms | ActiveRecord: 0.2ms)


Started GET "/" for 127.0.0.1 at 2016-08-31 18:32:49 -0300
Processing by WelcomeController#index as HTML
  Rendering welcome/index.html.erb within layouts/application
  Rendered welcome/index.html.erb within layouts/application (0.4ms)
Completed 200 OK in 71ms (Views: 69.9ms | ActiveRecord: 0.0ms)


Started GET "/" for 127.0.0.1 at 2016-08-31 18:32:51 -0300
Processing by WelcomeController#index as HTML
  Rendering welcome/index.html.erb within layouts/application
  Rendered welcome/index.html.erb within layouts/application (0.5ms)
Completed 200 OK in 99ms (Views: 97.4ms | ActiveRecord: 0.0ms)


Started GET "/statuses" for 127.0.0.1 at 2016-08-31 18:32:52 -0300
Processing by StatusesController#index as HTML
  Rendering statuses/index.html.erb within layouts/application
  [1m[36mStatus Load (0.2ms)[0m  [1m[34mSELECT "statuses".* FROM "statuses"[0m
  Rendered statuses/index.html.erb within layouts/application (3.5ms)
Completed 200 OK in 104ms (Views: 102.1ms | ActiveRecord: 0.2ms)


Started GET "/statuses" for 127.0.0.1 at 2016-08-31 18:35:47 -0300
  [1m[36mActiveRecord::SchemaMigration Load (0.3ms)[0m  [1m[34mSELECT "schema_migrations".* FROM "schema_migrations"[0m
Processing by StatusesController#index as HTML
  Rendering statuses/index.html.erb within layouts/application
  [1m[36mStatus Load (0.2ms)[0m  [1m[34mSELECT "statuses".* FROM "statuses"[0m
  Rendered statuses/index.html.erb within layouts/application (8.2ms)
Completed 500 Internal Server Error in 963ms (ActiveRecord: 0.7ms)


  
ActionView::Template::Error (undefined local variable or method `walcome_path' for #<#<Class:0x000000055b36c8>:0x000000055a9e48>):
    12:   	  <div class="navbar navbar-default navbar-fixed-top" role="navigation">
    13:   	  
    14:   	  	  <div class="container">
    15:   	  	  	<%= link_to "PeoBook", walcome_path %>
    16:   	  	  	<ul class="nav navbar-nav">
    17:   	  	  		<li class="active"><%= link_to "Status", statuses_path %></li>	
    18:   	  	  	</ul>
  
app/views/layouts/application.html.erb:15:in `_app_views_layouts_application_html_erb__2870841323428285979_44687180'
  Rendering /home/felipe/.rvm/gems/ruby-2.3.0/gems/actionpack-5.0.0.1/lib/action_dispatch/middleware/templates/rescues/template_error.html.erb within rescues/layout
  Rendering /home/felipe/.rvm/gems/ruby-2.3.0/gems/actionpack-5.0.0.1/lib/action_dispatch/middleware/templates/rescues/_source.html.erb
  Rendered /home/felipe/.rvm/gems/ruby-2.3.0/gems/actionpack-5.0.0.1/lib/action_dispatch/middleware/templates/rescues/_source.html.erb (6.9ms)
  Rendering /home/felipe/.rvm/gems/ruby-2.3.0/gems/actionpack-5.0.0.1/lib/action_dispatch/middleware/templates/rescues/_trace.html.erb
  Rendered /home/felipe/.rvm/gems/ruby-2.3.0/gems/actionpack-5.0.0.1/lib/action_dispatch/middleware/templates/rescues/_trace.html.erb (2.8ms)
  Rendering /home/felipe/.rvm/gems/ruby-2.3.0/gems/actionpack-5.0.0.1/lib/action_dispatch/middleware/templates/rescues/_request_and_response.html.erb
  Rendered /home/felipe/.rvm/gems/ruby-2.3.0/gems/actionpack-5.0.0.1/lib/action_dispatch/middleware/templates/rescues/_request_and_response.html.erb (1.2ms)
  Rendered /home/felipe/.rvm/gems/ruby-2.3.0/gems/actionpack-5.0.0.1/lib/action_dispatch/middleware/templates/rescues/template_error.html.erb within rescues/layout (34.3ms)
Started GET "/statuses" for 127.0.0.1 at 2016-08-31 18:36:01 -0300
Processing by StatusesController#index as HTML
  Rendering statuses/index.html.erb within layouts/application
  [1m[36mStatus Load (0.3ms)[0m  [1m[34mSELECT "statuses".* FROM "statuses"[0m
  Rendered statuses/index.html.erb within layouts/application (2.4ms)
Completed 500 Internal Server Error in 266ms (ActiveRecord: 0.3ms)


  
ActionView::Template::Error (undefined local variable or method `welcome_path' for #<#<Class:0x000000055b36c8>:0x007fc92c011178>):
    12:   	  <div class="navbar navbar-default navbar-fixed-top" role="navigation">
    13:   	  
    14:   	  	  <div class="container">
    15:   	  	  	<%= link_to "PeoBook", welcome_path %>
    16:   	  	  	<ul class="nav navbar-nav">
    17:   	  	  		<li class="active"><%= link_to "Status", statuses_path %></li>	
    18:   	  	  	</ul>
  
app/views/layouts/application.html.erb:15:in `_app_views_layouts_application_html_erb__2870841323428285979_70251001731560'
  Rendering /home/felipe/.rvm/gems/ruby-2.3.0/gems/actionpack-5.0.0.1/lib/action_dispatch/middleware/templates/rescues/template_error.html.erb within rescues/layout
  Rendering /home/felipe/.rvm/gems/ruby-2.3.0/gems/actionpack-5.0.0.1/lib/action_dispatch/middleware/templates/rescues/_source.html.erb
  Rendered /home/felipe/.rvm/gems/ruby-2.3.0/gems/actionpack-5.0.0.1/lib/action_dispatch/middleware/templates/rescues/_source.html.erb (7.5ms)
  Rendering /home/felipe/.rvm/gems/ruby-2.3.0/gems/actionpack-5.0.0.1/lib/action_dispatch/middleware/templates/rescues/_trace.html.erb
  Rendered /home/felipe/.rvm/gems/ruby-2.3.0/gems/actionpack-5.0.0.1/lib/action_dispatch/middleware/templates/rescues/_trace.html.erb (2.8ms)
  Rendering /home/felipe/.rvm/gems/ruby-2.3.0/gems/actionpack-5.0.0.1/lib/action_dispatch/middleware/templates/rescues/_request_and_response.html.erb
  Rendered /home/felipe/.rvm/gems/ruby-2.3.0/gems/actionpack-5.0.0.1/lib/action_dispatch/middleware/templates/rescues/_request_and_response.html.erb (1.2ms)
  Rendered /home/felipe/.rvm/gems/ruby-2.3.0/gems/actionpack-5.0.0.1/lib/action_dispatch/middleware/templates/rescues/template_error.html.erb within rescues/layout (34.7ms)
Started GET "/statuses" for 127.0.0.1 at 2016-08-31 18:37:32 -0300
Processing by StatusesController#index as HTML
  Rendering statuses/index.html.erb within layouts/application
  [1m[36mStatus Load (0.2ms)[0m  [1m[34mSELECT "statuses".* FROM "statuses"[0m
  Rendered statuses/index.html.erb within layouts/application (2.1ms)
Completed 200 OK in 70ms (Views: 67.8ms | ActiveRecord: 0.2ms)


Started GET "/" for 127.0.0.1 at 2016-08-31 18:37:35 -0300
Processing by WelcomeController#index as HTML
  Rendering welcome/index.html.erb within layouts/application
  Rendered welcome/index.html.erb within layouts/application (0.6ms)
Completed 200 OK in 96ms (Views: 94.0ms | ActiveRecord: 0.0ms)


Started GET "/" for 127.0.0.1 at 2016-08-31 18:37:37 -0300
Processing by WelcomeController#index as HTML
  Rendering welcome/index.html.erb within layouts/application
  Rendered welcome/index.html.erb within layouts/application (0.5ms)
Completed 200 OK in 85ms (Views: 83.6ms | ActiveRecord: 0.0ms)


Started GET "/statuses" for 127.0.0.1 at 2016-08-31 18:37:38 -0300
Processing by StatusesController#index as HTML
  Rendering statuses/index.html.erb within layouts/application
  [1m[36mStatus Load (2.0ms)[0m  [1m[34mSELECT "statuses".* FROM "statuses"[0m
  Rendered statuses/index.html.erb within layouts/application (4.1ms)
Completed 200 OK in 95ms (Views: 91.3ms | ActiveRecord: 2.0ms)


Started GET "/" for 127.0.0.1 at 2016-08-31 18:37:39 -0300
Processing by WelcomeController#index as HTML
  Rendering welcome/index.html.erb within layouts/application
  Rendered welcome/index.html.erb within layouts/application (0.5ms)
Completed 200 OK in 106ms (Views: 105.1ms | ActiveRecord: 0.0ms)


Started GET "/statuses" for 127.0.0.1 at 2016-08-31 18:37:40 -0300
Processing by StatusesController#index as HTML
  Rendering statuses/index.html.erb within layouts/application
  [1m[36mStatus Load (0.5ms)[0m  [1m[34mSELECT "statuses".* FROM "statuses"[0m
  Rendered statuses/index.html.erb within layouts/application (7.4ms)
Completed 200 OK in 96ms (Views: 93.5ms | ActiveRecord: 0.5ms)


Started GET "/" for 127.0.0.1 at 2016-08-31 18:37:40 -0300
Processing by WelcomeController#index as HTML
  Rendering welcome/index.html.erb within layouts/application
  Rendered welcome/index.html.erb within layouts/application (0.6ms)
Completed 200 OK in 95ms (Views: 93.8ms | ActiveRecord: 0.0ms)


Started GET "/statuses" for 127.0.0.1 at 2016-08-31 18:37:41 -0300
Processing by StatusesController#index as HTML
  Rendering statuses/index.html.erb within layouts/application
  [1m[36mStatus Load (0.4ms)[0m  [1m[34mSELECT "statuses".* FROM "statuses"[0m
  Rendered statuses/index.html.erb within layouts/application (2.4ms)
Completed 200 OK in 103ms (Views: 101.3ms | ActiveRecord: 0.4ms)


Started GET "/" for 127.0.0.1 at 2016-08-31 18:37:42 -0300
Processing by WelcomeController#index as HTML
  Rendering welcome/index.html.erb within layouts/application
  Rendered welcome/index.html.erb within layouts/application (0.5ms)
Completed 200 OK in 97ms (Views: 95.9ms | ActiveRecord: 0.0ms)


Started GET "/statuses" for 127.0.0.1 at 2016-08-31 18:37:42 -0300
Processing by StatusesController#index as HTML
  Rendering statuses/index.html.erb within layouts/application
  [1m[36mStatus Load (0.5ms)[0m  [1m[34mSELECT "statuses".* FROM "statuses"[0m
  Rendered statuses/index.html.erb within layouts/application (2.6ms)
Completed 200 OK in 92ms (Views: 90.2ms | ActiveRecord: 0.5ms)


Started GET "/" for 127.0.0.1 at 2016-08-31 18:37:43 -0300
Processing by WelcomeController#index as HTML
  Rendering welcome/index.html.erb within layouts/application
  Rendered welcome/index.html.erb within layouts/application (0.5ms)
Completed 200 OK in 92ms (Views: 90.6ms | ActiveRecord: 0.0ms)


Started GET "/" for 127.0.0.1 at 2016-08-31 18:37:58 -0300
Processing by WelcomeController#index as HTML
  Rendering welcome/index.html.erb within layouts/application
  Rendered welcome/index.html.erb within layouts/application (0.8ms)
Completed 200 OK in 97ms (Views: 96.0ms | ActiveRecord: 0.0ms)


Started GET "/" for 127.0.0.1 at 2016-08-31 18:38:00 -0300
Processing by WelcomeController#index as HTML
  Rendering welcome/index.html.erb within layouts/application
  Rendered welcome/index.html.erb within layouts/application (0.5ms)
Completed 200 OK in 84ms (Views: 82.7ms | ActiveRecord: 0.0ms)


Started GET "/" for 127.0.0.1 at 2016-08-31 18:38:01 -0300
Processing by WelcomeController#index as HTML
  Rendering welcome/index.html.erb within layouts/application
  Rendered welcome/index.html.erb within layouts/application (0.5ms)
Completed 200 OK in 73ms (Views: 71.5ms | ActiveRecord: 0.0ms)


Started GET "/" for 127.0.0.1 at 2016-08-31 18:38:03 -0300
Processing by WelcomeController#index as HTML
  Rendering welcome/index.html.erb within layouts/application
  Rendered welcome/index.html.erb within layouts/application (1.8ms)
Completed 200 OK in 139ms (Views: 137.1ms | ActiveRecord: 0.0ms)


Started GET "/statuses" for 127.0.0.1 at 2016-08-31 18:38:04 -0300
Processing by StatusesController#index as HTML
  Rendering statuses/index.html.erb within layouts/application
  [1m[36mStatus Load (0.8ms)[0m  [1m[34mSELECT "statuses".* FROM "statuses"[0m
  Rendered statuses/index.html.erb within layouts/application (2.7ms)
Completed 200 OK in 85ms (Views: 82.8ms | ActiveRecord: 0.8ms)


Started GET "/statuses" for 127.0.0.1 at 2016-08-31 18:38:28 -0300
Processing by StatusesController#index as HTML
  Rendering statuses/index.html.erb within layouts/application
  [1m[36mStatus Load (0.4ms)[0m  [1m[34mSELECT "statuses".* FROM "statuses"[0m
  Rendered statuses/index.html.erb within layouts/application (6.5ms)
Completed 200 OK in 111ms (Views: 108.9ms | ActiveRecord: 0.4ms)


Started GET "/" for 127.0.0.1 at 2016-08-31 18:38:30 -0300
Processing by WelcomeController#index as HTML
  Rendering welcome/index.html.erb within layouts/application
  Rendered welcome/index.html.erb within layouts/application (0.5ms)
Completed 200 OK in 105ms (Views: 103.2ms | ActiveRecord: 0.0ms)


Started GET "/statuses" for 127.0.0.1 at 2016-08-31 18:38:31 -0300
Processing by StatusesController#index as HTML
  Rendering statuses/index.html.erb within layouts/application
  [1m[36mStatus Load (0.3ms)[0m  [1m[34mSELECT "statuses".* FROM "statuses"[0m
  Rendered statuses/index.html.erb within layouts/application (4.9ms)
Completed 200 OK in 85ms (Views: 83.7ms | ActiveRecord: 0.3ms)


Started GET "/" for 127.0.0.1 at 2016-08-31 18:38:31 -0300
Processing by WelcomeController#index as HTML
  Rendering welcome/index.html.erb within layouts/application
  Rendered welcome/index.html.erb within layouts/application (3.2ms)
Completed 200 OK in 95ms (Views: 93.9ms | ActiveRecord: 0.0ms)


Started GET "/statuses" for 127.0.0.1 at 2016-08-31 18:38:32 -0300
Processing by StatusesController#index as HTML
  Rendering statuses/index.html.erb within layouts/application
  [1m[36mStatus Load (0.2ms)[0m  [1m[34mSELECT "statuses".* FROM "statuses"[0m
  Rendered statuses/index.html.erb within layouts/application (7.2ms)
Completed 200 OK in 112ms (Views: 110.4ms | ActiveRecord: 0.2ms)


Started GET "/" for 127.0.0.1 at 2016-08-31 18:38:32 -0300
Processing by WelcomeController#index as HTML
  Rendering welcome/index.html.erb within layouts/application
  Rendered welcome/index.html.erb within layouts/application (0.5ms)
Completed 200 OK in 90ms (Views: 88.1ms | ActiveRecord: 0.0ms)


Started GET "/statuses" for 127.0.0.1 at 2016-08-31 18:38:33 -0300
Processing by StatusesController#index as HTML
  Rendering statuses/index.html.erb within layouts/application
  [1m[36mStatus Load (0.2ms)[0m  [1m[34mSELECT "statuses".* FROM "statuses"[0m
  Rendered statuses/index.html.erb within layouts/application (2.3ms)
Completed 200 OK in 88ms (Views: 85.6ms | ActiveRecord: 0.2ms)


Started GET "/" for 127.0.0.1 at 2016-08-31 18:38:34 -0300
Processing by WelcomeController#index as HTML
  Rendering welcome/index.html.erb within layouts/application
  Rendered welcome/index.html.erb within layouts/application (0.7ms)
Completed 200 OK in 100ms (Views: 98.3ms | ActiveRecord: 0.0ms)


Started GET "/" for 127.0.0.1 at 2016-08-31 18:38:54 -0300
Processing by WelcomeController#index as HTML
  Rendering welcome/index.html.erb within layouts/application
  Rendered welcome/index.html.erb within layouts/application (0.6ms)
Completed 200 OK in 93ms (Views: 91.7ms | ActiveRecord: 0.0ms)


Started GET "/" for 127.0.0.1 at 2016-08-31 18:39:13 -0300
Processing by WelcomeController#index as HTML
  Rendering welcome/index.html.erb within layouts/application
  Rendered welcome/index.html.erb within layouts/application (0.7ms)
Completed 200 OK in 91ms (Views: 89.8ms | ActiveRecord: 0.0ms)


Started GET "/" for 127.0.0.1 at 2016-08-31 18:39:23 -0300
Processing by WelcomeController#index as HTML
  Rendering welcome/index.html.erb within layouts/application
  Rendered welcome/index.html.erb within layouts/application (0.5ms)
Completed 200 OK in 88ms (Views: 86.2ms | ActiveRecord: 0.0ms)


Started GET "/" for 127.0.0.1 at 2016-08-31 18:47:20 -0300
Processing by WelcomeController#index as HTML
  Rendering welcome/index.html.erb within layouts/application
  Rendered welcome/index.html.erb within layouts/application (0.6ms)
Completed 200 OK in 81ms (Views: 79.3ms | ActiveRecord: 0.0ms)


Started GET "/statuses" for 127.0.0.1 at 2016-08-31 18:47:21 -0300
Processing by StatusesController#index as HTML
  Rendering statuses/index.html.erb within layouts/application
  Rendered statuses/index.html.erb within layouts/application (1.2ms)
Completed 500 Internal Server Error in 5ms (ActiveRecord: 0.0ms)


  
SyntaxError (/home/felipe/Escritorio/Rails/MySite/app/views/statuses/index.html.erb:15: syntax error, unexpected tSYMBEG, expecting keyword_do or '{' or '('
...k_to "Borrar", status, method :delete, data:{ confirm: "¿Es...
...                               ^):
  
app/views/statuses/index.html.erb:15: syntax error, unexpected tSYMBEG, expecting keyword_do or '{' or '('
  Rendering /home/felipe/.rvm/gems/ruby-2.3.0/gems/actionpack-5.0.0.1/lib/action_dispatch/middleware/templates/rescues/diagnostics.html.erb within rescues/layout
  Rendering /home/felipe/.rvm/gems/ruby-2.3.0/gems/actionpack-5.0.0.1/lib/action_dispatch/middleware/templates/rescues/_source.html.erb
  Rendered /home/felipe/.rvm/gems/ruby-2.3.0/gems/actionpack-5.0.0.1/lib/action_dispatch/middleware/templates/rescues/_source.html.erb (7.9ms)
  Rendering /home/felipe/.rvm/gems/ruby-2.3.0/gems/actionpack-5.0.0.1/lib/action_dispatch/middleware/templates/rescues/_trace.html.erb
  Rendered /home/felipe/.rvm/gems/ruby-2.3.0/gems/actionpack-5.0.0.1/lib/action_dispatch/middleware/templates/rescues/_trace.html.erb (3.2ms)
  Rendering /home/felipe/.rvm/gems/ruby-2.3.0/gems/actionpack-5.0.0.1/lib/action_dispatch/middleware/templates/rescues/_request_and_response.html.erb
  Rendered /home/felipe/.rvm/gems/ruby-2.3.0/gems/actionpack-5.0.0.1/lib/action_dispatch/middleware/templates/rescues/_request_and_response.html.erb (1.2ms)
  Rendered /home/felipe/.rvm/gems/ruby-2.3.0/gems/actionpack-5.0.0.1/lib/action_dispatch/middleware/templates/rescues/diagnostics.html.erb within rescues/layout (34.8ms)
Started GET "/statuses" for 127.0.0.1 at 2016-08-31 18:48:01 -0300
Processing by StatusesController#index as HTML
  Rendering statuses/index.html.erb within layouts/application
  [1m[36mStatus Load (0.2ms)[0m  [1m[34mSELECT "statuses".* FROM "statuses"[0m
  Rendered statuses/index.html.erb within layouts/application (2.5ms)
Completed 200 OK in 89ms (Views: 86.9ms | ActiveRecord: 0.2ms)


Started GET "/statuses" for 127.0.0.1 at 2016-08-31 18:49:21 -0300
Processing by StatusesController#index as HTML
  Rendering statuses/index.html.erb within layouts/application
  [1m[36mStatus Load (0.2ms)[0m  [1m[34mSELECT "statuses".* FROM "statuses"[0m
  Rendered statuses/index.html.erb within layouts/application (1.8ms)
Completed 200 OK in 73ms (Views: 71.6ms | ActiveRecord: 0.2ms)


Started GET "/statuses" for 127.0.0.1 at 2016-08-31 18:49:23 -0300
Processing by StatusesController#index as HTML
  Rendering statuses/index.html.erb within layouts/application
  [1m[36mStatus Load (0.2ms)[0m  [1m[34mSELECT "statuses".* FROM "statuses"[0m
  Rendered statuses/index.html.erb within layouts/application (2.0ms)
Completed 200 OK in 99ms (Views: 97.3ms | ActiveRecord: 0.2ms)


Started GET "/" for 127.0.0.1 at 2016-08-31 18:49:25 -0300
Processing by WelcomeController#index as HTML
  Rendering welcome/index.html.erb within layouts/application
  Rendered welcome/index.html.erb within layouts/application (0.6ms)
Completed 200 OK in 126ms (Views: 123.2ms | ActiveRecord: 0.0ms)


Started GET "/statuses" for 127.0.0.1 at 2016-08-31 18:49:26 -0300
Processing by StatusesController#index as HTML
  Rendering statuses/index.html.erb within layouts/application
  [1m[36mStatus Load (0.2ms)[0m  [1m[34mSELECT "statuses".* FROM "statuses"[0m
  Rendered statuses/index.html.erb within layouts/application (3.1ms)
Completed 200 OK in 92ms (Views: 90.3ms | ActiveRecord: 0.2ms)


Started GET "/statuses" for 127.0.0.1 at 2016-08-31 18:54:48 -0300
Processing by StatusesController#index as HTML
  Rendering statuses/index.html.erb within layouts/application
  Rendered statuses/index.html.erb within layouts/application (2.2ms)
Completed 500 Internal Server Error in 6ms (ActiveRecord: 0.0ms)


  
SyntaxError (/home/felipe/Escritorio/Rails/MySite/app/views/statuses/index.html.erb:12: syntax error, unexpected '+', expecting &. or :: or '[' or '.'
...er.append=( link_to, "Hace: " + time_ago_in_words(status.cre...
...                               ^
/home/felipe/Escritorio/Rails/MySite/app/views/statuses/index.html.erb:12: syntax error, unexpected ',', expecting ')'
...go_in_words(status.created_at), status );@output_buffer.safe...
...                               ^):
  
app/views/statuses/index.html.erb:12: syntax error, unexpected '+', expecting &. or :: or '[' or '.'
app/views/statuses/index.html.erb:12: syntax error, unexpected ',', expecting ')'
  Rendering /home/felipe/.rvm/gems/ruby-2.3.0/gems/actionpack-5.0.0.1/lib/action_dispatch/middleware/templates/rescues/diagnostics.html.erb within rescues/layout
  Rendering /home/felipe/.rvm/gems/ruby-2.3.0/gems/actionpack-5.0.0.1/lib/action_dispatch/middleware/templates/rescues/_source.html.erb
  Rendered /home/felipe/.rvm/gems/ruby-2.3.0/gems/actionpack-5.0.0.1/lib/action_dispatch/middleware/templates/rescues/_source.html.erb (7.9ms)
  Rendering /home/felipe/.rvm/gems/ruby-2.3.0/gems/actionpack-5.0.0.1/lib/action_dispatch/middleware/templates/rescues/_trace.html.erb
  Rendered /home/felipe/.rvm/gems/ruby-2.3.0/gems/actionpack-5.0.0.1/lib/action_dispatch/middleware/templates/rescues/_trace.html.erb (3.4ms)
  Rendering /home/felipe/.rvm/gems/ruby-2.3.0/gems/actionpack-5.0.0.1/lib/action_dispatch/middleware/templates/rescues/_request_and_response.html.erb
  Rendered /home/felipe/.rvm/gems/ruby-2.3.0/gems/actionpack-5.0.0.1/lib/action_dispatch/middleware/templates/rescues/_request_and_response.html.erb (1.2ms)
  Rendered /home/felipe/.rvm/gems/ruby-2.3.0/gems/actionpack-5.0.0.1/lib/action_dispatch/middleware/templates/rescues/diagnostics.html.erb within rescues/layout (36.0ms)
Started GET "/statuses" for 127.0.0.1 at 2016-08-31 18:55:25 -0300
Processing by StatusesController#index as HTML
  Rendering statuses/index.html.erb within layouts/application
  [1m[36mStatus Load (0.2ms)[0m  [1m[34mSELECT "statuses".* FROM "statuses"[0m
  Rendered statuses/index.html.erb within layouts/application (1.7ms)
Completed 200 OK in 114ms (Views: 111.4ms | ActiveRecord: 0.2ms)


Started GET "/statuses" for 127.0.0.1 at 2016-08-31 18:56:46 -0300
Processing by StatusesController#index as HTML
  Rendering statuses/index.html.erb within layouts/application
  [1m[36mStatus Load (0.2ms)[0m  [1m[34mSELECT "statuses".* FROM "statuses"[0m
  Rendered statuses/index.html.erb within layouts/application (1.8ms)
Completed 200 OK in 84ms (Views: 82.5ms | ActiveRecord: 0.2ms)


Started GET "/statuses" for 127.0.0.1 at 2016-08-31 19:04:33 -0300
Processing by StatusesController#index as HTML
  Rendering statuses/index.html.erb within layouts/application
  [1m[36mStatus Load (0.2ms)[0m  [1m[34mSELECT "statuses".* FROM "statuses"[0m
  Rendered statuses/index.html.erb within layouts/application (4.2ms)
Completed 200 OK in 693ms (Views: 691.4ms | ActiveRecord: 0.2ms)


Started GET "/statuses" for 127.0.0.1 at 2016-08-31 19:04:54 -0300
Processing by StatusesController#index as HTML
  Rendering statuses/index.html.erb within layouts/application
  [1m[36mStatus Load (0.3ms)[0m  [1m[34mSELECT "statuses".* FROM "statuses"[0m
  Rendered statuses/index.html.erb within layouts/application (4.3ms)
Completed 200 OK in 82ms (Views: 79.5ms | ActiveRecord: 0.3ms)


Started GET "/statuses/new" for 127.0.0.1 at 2016-08-31 19:05:13 -0300
Processing by StatusesController#new as HTML
  Rendering statuses/new.html.erb within layouts/application
  Rendered statuses/_form.html.erb (23.2ms)
  Rendered statuses/new.html.erb within layouts/application (25.1ms)
Completed 200 OK in 109ms (Views: 100.2ms | ActiveRecord: 0.6ms)


Started POST "/statuses" for 127.0.0.1 at 2016-08-31 19:05:31 -0300
Processing by StatusesController#create as HTML
  Parameters: {"utf8"=>"✓", "authenticity_token"=>"9sd7wSl84dtefo+YdmeK+xdGukxlKV0v6P+8W7x5ddiULYVWEzGy1u38n6kNSEnidrlsjgyQMXiLwflaIQ1/9Q==", "status"=>{"nombre"=>"Manguaco", "contenido"=>"Me comí los mocos"}, "commit"=>"Create Status"}
  [1m[35m (0.1ms)[0m  [1m[36mbegin transaction[0m
  [1m[35mSQL (2.2ms)[0m  [1m[32mINSERT INTO "statuses" ("nombre", "contenido", "created_at", "updated_at") VALUES (?, ?, ?, ?)[0m  [["nombre", "Manguaco"], ["contenido", "Me comí los mocos"], ["created_at", 2016-08-31 22:05:31 UTC], ["updated_at", 2016-08-31 22:05:31 UTC]]
  [1m[35m (127.6ms)[0m  [1m[36mcommit transaction[0m
Redirected to http://localhost:3000/statuses/2
Completed 302 Found in 142ms (ActiveRecord: 129.9ms)


Started GET "/statuses/2" for 127.0.0.1 at 2016-08-31 19:05:31 -0300
Processing by StatusesController#show as HTML
  Parameters: {"id"=>"2"}
  [1m[36mStatus Load (0.3ms)[0m  [1m[34mSELECT  "statuses".* FROM "statuses" WHERE "statuses"."id" = ? LIMIT ?[0m  [["id", 2], ["LIMIT", 1]]
  Rendering statuses/show.html.erb within layouts/application
  Rendered statuses/show.html.erb within layouts/application (1.1ms)
Completed 200 OK in 77ms (Views: 69.7ms | ActiveRecord: 0.3ms)


Started GET "/statuses" for 127.0.0.1 at 2016-08-31 19:05:34 -0300
Processing by StatusesController#index as HTML
  Rendering statuses/index.html.erb within layouts/application
  [1m[36mStatus Load (0.3ms)[0m  [1m[34mSELECT "statuses".* FROM "statuses"[0m
  Rendered statuses/index.html.erb within layouts/application (209.7ms)
Completed 500 Internal Server Error in 218ms (ActiveRecord: 0.3ms)


  
ActionView::Template::Error (undefined local variable or method `status' for #<#<Class:0x000000055b36c8>:0x007fc935c52118>
Did you mean?  status_url
               status_path
               statuses_url
               statuses_path
               @statuses):
     7: <% @statuses.each do |s| %>
     8:   
     9:   <div class="status">
    10:     <strong><%= status.nombre %></strong>
    11:     <p><%= status.contenido %></p>
    12: 
    13:     <div>
  
app/views/statuses/index.html.erb:10:in `block in _app_views_statuses_index_html_erb___4388913886828571096_70251083636600'
app/views/statuses/index.html.erb:7:in `_app_views_statuses_index_html_erb___4388913886828571096_70251083636600'
  Rendering /home/felipe/.rvm/gems/ruby-2.3.0/gems/actionpack-5.0.0.1/lib/action_dispatch/middleware/templates/rescues/template_error.html.erb within rescues/layout
  Rendering /home/felipe/.rvm/gems/ruby-2.3.0/gems/actionpack-5.0.0.1/lib/action_dispatch/middleware/templates/rescues/_source.html.erb
  Rendered /home/felipe/.rvm/gems/ruby-2.3.0/gems/actionpack-5.0.0.1/lib/action_dispatch/middleware/templates/rescues/_source.html.erb (11.5ms)
  Rendering /home/felipe/.rvm/gems/ruby-2.3.0/gems/actionpack-5.0.0.1/lib/action_dispatch/middleware/templates/rescues/_trace.html.erb
  Rendered /home/felipe/.rvm/gems/ruby-2.3.0/gems/actionpack-5.0.0.1/lib/action_dispatch/middleware/templates/rescues/_trace.html.erb (3.9ms)
  Rendering /home/felipe/.rvm/gems/ruby-2.3.0/gems/actionpack-5.0.0.1/lib/action_dispatch/middleware/templates/rescues/_request_and_response.html.erb
  Rendered /home/felipe/.rvm/gems/ruby-2.3.0/gems/actionpack-5.0.0.1/lib/action_dispatch/middleware/templates/rescues/_request_and_response.html.erb (1.4ms)
  Rendered /home/felipe/.rvm/gems/ruby-2.3.0/gems/actionpack-5.0.0.1/lib/action_dispatch/middleware/templates/rescues/template_error.html.erb within rescues/layout (40.1ms)
Started GET "/statuses" for 127.0.0.1 at 2016-08-31 19:05:56 -0300
Processing by StatusesController#index as HTML
  Rendering statuses/index.html.erb within layouts/application
  [1m[36mStatus Load (0.3ms)[0m  [1m[34mSELECT "statuses".* FROM "statuses"[0m
  Rendered statuses/index.html.erb within layouts/application (281.1ms)
Completed 500 Internal Server Error in 287ms (ActiveRecord: 0.3ms)


  
ActionView::Template::Error (undefined local variable or method `status' for #<#<Class:0x000000055b36c8>:0x007fc936055dc8>
Did you mean?  status_url
               status_path
               statuses_url
               statuses_path
               @statuses):
     7: <% @statuses.each do |s| %>
     8:   
     9:   <div class="status">
    10:     <strong><%= status.nombre %></strong>
    11:     <p><%= status.contenido %></p>
    12: 
    13:     <div>
  
app/views/statuses/index.html.erb:10:in `block in _app_views_statuses_index_html_erb___4388913886828571096_70251085739340'
app/views/statuses/index.html.erb:7:in `_app_views_statuses_index_html_erb___4388913886828571096_70251085739340'
  Rendering /home/felipe/.rvm/gems/ruby-2.3.0/gems/actionpack-5.0.0.1/lib/action_dispatch/middleware/templates/rescues/template_error.html.erb within rescues/layout
  Rendering /home/felipe/.rvm/gems/ruby-2.3.0/gems/actionpack-5.0.0.1/lib/action_dispatch/middleware/templates/rescues/_source.html.erb
  Rendered /home/felipe/.rvm/gems/ruby-2.3.0/gems/actionpack-5.0.0.1/lib/action_dispatch/middleware/templates/rescues/_source.html.erb (7.1ms)
  Rendering /home/felipe/.rvm/gems/ruby-2.3.0/gems/actionpack-5.0.0.1/lib/action_dispatch/middleware/templates/rescues/_trace.html.erb
  Rendered /home/felipe/.rvm/gems/ruby-2.3.0/gems/actionpack-5.0.0.1/lib/action_dispatch/middleware/templates/rescues/_trace.html.erb (2.9ms)
  Rendering /home/felipe/.rvm/gems/ruby-2.3.0/gems/actionpack-5.0.0.1/lib/action_dispatch/middleware/templates/rescues/_request_and_response.html.erb
  Rendered /home/felipe/.rvm/gems/ruby-2.3.0/gems/actionpack-5.0.0.1/lib/action_dispatch/middleware/templates/rescues/_request_and_response.html.erb (1.1ms)
  Rendered /home/felipe/.rvm/gems/ruby-2.3.0/gems/actionpack-5.0.0.1/lib/action_dispatch/middleware/templates/rescues/template_error.html.erb within rescues/layout (34.0ms)
Started GET "/statuses" for 127.0.0.1 at 2016-08-31 19:08:06 -0300
Processing by StatusesController#index as HTML
  Rendering statuses/index.html.erb within layouts/application
  [1m[36mStatus Load (0.3ms)[0m  [1m[34mSELECT "statuses".* FROM "statuses"[0m
  Rendered statuses/index.html.erb within layouts/application (194.3ms)
Completed 500 Internal Server Error in 199ms (ActiveRecord: 0.3ms)


  
ActionView::Template::Error (undefined local variable or method `status' for #<#<Class:0x000000055b36c8>:0x007fc935ed5070>
Did you mean?  status_url
               status_path
               statuses_url
               statuses_path
               @statuses):
    11:     <p><%= s.contenido %></p>
    12: 
    13:     <div>
    14:       <%= link_to "Hace: " + time_ago_in_words(status.created_at), status %>
    15:       <span class="admin">
    16:         <%= link_to "Editar", edith_status_path(status) %>
    17:         <%= link_to "Borrar", status, method: :delete, data:{ confirm: "¿Estas seguro de borrar?" }%>
  
app/views/statuses/index.html.erb:14:in `block in _app_views_statuses_index_html_erb___4388913886828571096_70251084951020'
app/views/statuses/index.html.erb:7:in `_app_views_statuses_index_html_erb___4388913886828571096_70251084951020'
  Rendering /home/felipe/.rvm/gems/ruby-2.3.0/gems/actionpack-5.0.0.1/lib/action_dispatch/middleware/templates/rescues/template_error.html.erb within rescues/layout
  Rendering /home/felipe/.rvm/gems/ruby-2.3.0/gems/actionpack-5.0.0.1/lib/action_dispatch/middleware/templates/rescues/_source.html.erb
  Rendered /home/felipe/.rvm/gems/ruby-2.3.0/gems/actionpack-5.0.0.1/lib/action_dispatch/middleware/templates/rescues/_source.html.erb (7.0ms)
  Rendering /home/felipe/.rvm/gems/ruby-2.3.0/gems/actionpack-5.0.0.1/lib/action_dispatch/middleware/templates/rescues/_trace.html.erb
  Rendered /home/felipe/.rvm/gems/ruby-2.3.0/gems/actionpack-5.0.0.1/lib/action_dispatch/middleware/templates/rescues/_trace.html.erb (2.9ms)
  Rendering /home/felipe/.rvm/gems/ruby-2.3.0/gems/actionpack-5.0.0.1/lib/action_dispatch/middleware/templates/rescues/_request_and_response.html.erb
  Rendered /home/felipe/.rvm/gems/ruby-2.3.0/gems/actionpack-5.0.0.1/lib/action_dispatch/middleware/templates/rescues/_request_and_response.html.erb (1.1ms)
  Rendered /home/felipe/.rvm/gems/ruby-2.3.0/gems/actionpack-5.0.0.1/lib/action_dispatch/middleware/templates/rescues/template_error.html.erb within rescues/layout (33.9ms)
Started GET "/statuses" for 127.0.0.1 at 2016-08-31 19:08:23 -0300
Processing by StatusesController#index as HTML
  Rendering statuses/index.html.erb within layouts/application
  [1m[36mStatus Load (0.3ms)[0m  [1m[34mSELECT "statuses".* FROM "statuses"[0m
  Rendered statuses/index.html.erb within layouts/application (118.2ms)
Completed 500 Internal Server Error in 122ms (ActiveRecord: 0.3ms)


  
ActionView::Template::Error (undefined method `edith_status_path' for #<#<Class:0x000000055b36c8>:0x000000053a2a00>
Did you mean?  edit_status_path
               edit_status_url):
    13:     <div>
    14:       <%= link_to "Hace: " + time_ago_in_words(s.created_at), s %>
    15:       <span class="admin">
    16:         <%= link_to "Editar", edith_status_path(s) %>
    17:         <%= link_to "Borrar", s, method: :delete, data:{ confirm: "¿Estas seguro de borrar?" }%>
    18:       </span>
    19:     </div>
  
app/views/statuses/index.html.erb:16:in `block in _app_views_statuses_index_html_erb___4388913886828571096_43893180'
app/views/statuses/index.html.erb:7:in `_app_views_statuses_index_html_erb___4388913886828571096_43893180'
  Rendering /home/felipe/.rvm/gems/ruby-2.3.0/gems/actionpack-5.0.0.1/lib/action_dispatch/middleware/templates/rescues/template_error.html.erb within rescues/layout
  Rendering /home/felipe/.rvm/gems/ruby-2.3.0/gems/actionpack-5.0.0.1/lib/action_dispatch/middleware/templates/rescues/_source.html.erb
  Rendered /home/felipe/.rvm/gems/ruby-2.3.0/gems/actionpack-5.0.0.1/lib/action_dispatch/middleware/templates/rescues/_source.html.erb (13.7ms)
  Rendering /home/felipe/.rvm/gems/ruby-2.3.0/gems/actionpack-5.0.0.1/lib/action_dispatch/middleware/templates/rescues/_trace.html.erb
  Rendered /home/felipe/.rvm/gems/ruby-2.3.0/gems/actionpack-5.0.0.1/lib/action_dispatch/middleware/templates/rescues/_trace.html.erb (5.6ms)
  Rendering /home/felipe/.rvm/gems/ruby-2.3.0/gems/actionpack-5.0.0.1/lib/action_dispatch/middleware/templates/rescues/_request_and_response.html.erb
  Rendered /home/felipe/.rvm/gems/ruby-2.3.0/gems/actionpack-5.0.0.1/lib/action_dispatch/middleware/templates/rescues/_request_and_response.html.erb (14.2ms)
  Rendered /home/felipe/.rvm/gems/ruby-2.3.0/gems/actionpack-5.0.0.1/lib/action_dispatch/middleware/templates/rescues/template_error.html.erb within rescues/layout (58.0ms)
Started GET "/statuses" for 127.0.0.1 at 2016-08-31 19:08:41 -0300
Processing by StatusesController#index as HTML
  Rendering statuses/index.html.erb within layouts/application
  [1m[36mStatus Load (0.3ms)[0m  [1m[34mSELECT "statuses".* FROM "statuses"[0m
  Rendered statuses/index.html.erb within layouts/application (3.7ms)
Completed 200 OK in 128ms (Views: 118.4ms | ActiveRecord: 0.3ms)


Started GET "/statuses/new" for 127.0.0.1 at 2016-08-31 19:08:45 -0300
Processing by StatusesController#new as HTML
  Rendering statuses/new.html.erb within layouts/application
  Rendered statuses/_form.html.erb (5.9ms)
  Rendered statuses/new.html.erb within layouts/application (7.6ms)
Completed 200 OK in 94ms (Views: 92.2ms | ActiveRecord: 0.0ms)


Started POST "/statuses" for 127.0.0.1 at 2016-08-31 19:09:00 -0300
Processing by StatusesController#create as HTML
  Parameters: {"utf8"=>"✓", "authenticity_token"=>"6x/ropkV6u34+Y9JnbZrMsNUBO/oeTNpupy0r32bvy+J9RU1o1i54Et7n3jmmagroqvSLYHAXz7ZovGu4O+1Ag==", "status"=>{"nombre"=>"Carmencita", "contenido"=>"No veo la hora\r\n"}, "commit"=>"Create Status"}
  [1m[35m (0.1ms)[0m  [1m[36mbegin transaction[0m
  [1m[35mSQL (1.7ms)[0m  [1m[32mINSERT INTO "statuses" ("nombre", "contenido", "created_at", "updated_at") VALUES (?, ?, ?, ?)[0m  [["nombre", "Carmencita"], ["contenido", "No veo la hora\r\n"], ["created_at", 2016-08-31 22:09:00 UTC], ["updated_at", 2016-08-31 22:09:00 UTC]]
  [1m[35m (185.7ms)[0m  [1m[36mcommit transaction[0m
Redirected to http://localhost:3000/statuses/3
Completed 302 Found in 194ms (ActiveRecord: 187.6ms)


Started GET "/statuses/3" for 127.0.0.1 at 2016-08-31 19:09:00 -0300
Processing by StatusesController#show as HTML
  Parameters: {"id"=>"3"}
  [1m[36mStatus Load (0.3ms)[0m  [1m[34mSELECT  "statuses".* FROM "statuses" WHERE "statuses"."id" = ? LIMIT ?[0m  [["id", 3], ["LIMIT", 1]]
  Rendering statuses/show.html.erb within layouts/application
  Rendered statuses/show.html.erb within layouts/application (1.7ms)
Completed 200 OK in 88ms (Views: 85.5ms | ActiveRecord: 0.3ms)


Started GET "/statuses" for 127.0.0.1 at 2016-08-31 19:09:03 -0300
Processing by StatusesController#index as HTML
  Rendering statuses/index.html.erb within layouts/application
  [1m[36mStatus Load (0.3ms)[0m  [1m[34mSELECT "statuses".* FROM "statuses"[0m
  Rendered statuses/index.html.erb within layouts/application (4.1ms)
Completed 200 OK in 99ms (Views: 97.5ms | ActiveRecord: 0.3ms)


